<?xml version="1.0" encoding="UTF-8"?>
<!-- Generated by org.testng.reporters.JUnitReportReporter -->
<testsuite skipped="0" hostname="murah-X450LCP" name="br.com.murah.audixpress.teste.TesteLogin" tests="1" failures="0" timestamp="24 jul 2018 21:37:10 GMT" time="58.087" errors="0">
  <testcase name="logar" time="58.087" classname="br.com.murah.audixpress.teste.TesteLogin"/>
</testsuite> <!-- br.com.murah.audixpress.teste.TesteLogin -->
