<?xml version="1.0" encoding="UTF-8"?>
<!-- Generated by org.testng.reporters.JUnitReportReporter -->
<testsuite skipped="0" hostname="murah-X450LCP" name="br.com.murah.audixpress.restful.client.NewTest" tests="1" failures="0" timestamp="21 mai 2018 21:31:19 GMT" time="11.240" errors="0">
  <testcase name="f" time="11.240" classname="br.com.murah.audixpress.restful.client.NewTest"/>
</testsuite> <!-- br.com.murah.audixpress.restful.client.NewTest -->
