<?xml version="1.0" encoding="UTF-8"?>
<!-- Generated by org.testng.reporters.JUnitReportReporter -->
<testsuite skipped="0" hostname="murah-X450LCP" name="br.com.murah.audixpress.teste.TesteEmpresa" tests="1" failures="0" timestamp="23 mai 2018 22:14:07 GMT" time="10.077" errors="0">
  <testcase name="testeArea" time="10.077" classname="br.com.murah.audixpress.teste.TesteEmpresa"/>
</testsuite> <!-- br.com.murah.audixpress.teste.TesteEmpresa -->
