<?xml version="1.0" encoding="UTF-8"?>
<!-- Generated by org.testng.reporters.JUnitReportReporter -->
<testsuite skipped="0" hostname="murah-X450LCP" name="br.com.murah.audixpress.teste.TesteImportador" tests="1" failures="0" timestamp="26 jun 2018 20:47:40 GMT" time="117.406" errors="0">
  <testcase name="testeEmpreasa" time="117.406" classname="br.com.murah.audixpress.teste.TesteImportador"/>
</testsuite> <!-- br.com.murah.audixpress.teste.TesteImportador -->
