<?xml version="1.0" encoding="UTF-8"?>
<!-- Generated by org.testng.reporters.JUnitReportReporter -->
<testsuite skipped="0" hostname="murah-X450LCP" name="br.com.murah.audixpress.teste.NewTest" tests="1" failures="0" timestamp="04 jun 2018 17:27:24 GMT" time="0.008" errors="0">
  <testcase name="f" time="0.008" classname="br.com.murah.audixpress.teste.NewTest"/>
</testsuite> <!-- br.com.murah.audixpress.teste.NewTest -->
